<?xml version="1.0" encoding="UTF-8"?>
<testsuite name="com.ojo.mullyuojo.company.CompanyApplicationTests" tests="1" skipped="0" failures="0" errors="0" timestamp="2025-08-22T05:51:39.514Z" hostname="jeongdagyeom-ui-noteubug.local" time="0.245">
  <properties/>
  <testcase name="contextLoads()" classname="com.ojo.mullyuojo.company.CompanyApplicationTests" time="0.245"/>
  <system-out><![CDATA[14:51:36.606 [Test worker] INFO org.springframework.test.context.support.AnnotationConfigContextLoaderUtils -- Could not detect default configuration classes for test class [com.ojo.mullyuojo.company.CompanyApplicationTests]: CompanyApplicationTests does not declare any static, non-private, non-final, nested classes annotated with @Configuration.
14:51:36.657 [Test worker] INFO org.springframework.boot.test.context.SpringBootTestContextBootstrapper -- Found @SpringBootConfiguration com.ojo.mullyuojo.company.CompanyApplication for test class com.ojo.mullyuojo.company.CompanyApplicationTests

  .   ____          _            __ _ _
 /\\ / ___'_ __ _ _(_)_ __  __ _ \ \ \ \
( ( )\___ | '_ | '_| | '_ \/ _` | \ \ \ \
 \\/  ___)| |_)| | | | | || (_| |  ) ) ) )
  '  |____| .__|_| |_|_| |_\__, | / / / /
 =========|_|==============|___/=/_/_/_/

 :: Spring Boot ::                (v3.5.4)

2025-08-22T14:51:36.945+09:00  INFO 35429 --- [    Test worker] [                                                 ] c.o.m.company.CompanyApplicationTests    : Starting CompanyApplicationTests using Java 17.0.16 with PID 35429 (started by jeongdagyeom in /Users/jeongdagyeom/Desktop/mullyuojo/companyService/company)
2025-08-22T14:51:36.946+09:00  INFO 35429 --- [    Test worker] [                                                 ] c.o.m.company.CompanyApplicationTests    : No active profile set, falling back to 1 default profile: "default"
2025-08-22T14:51:37.439+09:00  INFO 35429 --- [    Test worker] [                                                 ] .s.d.r.c.RepositoryConfigurationDelegate : Multiple Spring Data modules found, entering strict repository configuration mode
2025-08-22T14:51:37.440+09:00  INFO 35429 --- [    Test worker] [                                                 ] .s.d.r.c.RepositoryConfigurationDelegate : Bootstrapping Spring Data JPA repositories in DEFAULT mode.
2025-08-22T14:51:37.512+09:00  INFO 35429 --- [    Test worker] [                                                 ] .s.d.r.c.RepositoryConfigurationDelegate : Finished Spring Data repository scanning in 68 ms. Found 1 JPA repository interface.
2025-08-22T14:51:37.519+09:00  INFO 35429 --- [    Test worker] [                                                 ] .s.d.r.c.RepositoryConfigurationDelegate : Multiple Spring Data modules found, entering strict repository configuration mode
2025-08-22T14:51:37.519+09:00  INFO 35429 --- [    Test worker] [                                                 ] .s.d.r.c.RepositoryConfigurationDelegate : Bootstrapping Spring Data Redis repositories in DEFAULT mode.
2025-08-22T14:51:37.527+09:00  INFO 35429 --- [    Test worker] [                                                 ] .RepositoryConfigurationExtensionSupport : Spring Data Redis - Could not safely identify store assignment for repository candidate interface com.ojo.mullyuojo.company.domain.CompanyRepository; If you want this repository to be a Redis repository, consider annotating your entities with one of these annotations: org.springframework.data.redis.core.RedisHash (preferred), or consider extending one of the following types with your repository: org.springframework.data.keyvalue.repository.KeyValueRepository
2025-08-22T14:51:37.527+09:00  INFO 35429 --- [    Test worker] [                                                 ] .s.d.r.c.RepositoryConfigurationDelegate : Finished Spring Data repository scanning in 3 ms. Found 0 Redis repository interfaces.
2025-08-22T14:51:37.647+09:00  INFO 35429 --- [    Test worker] [                                                 ] o.s.cloud.context.scope.GenericScope     : BeanFactory id=84ec47fa-2c06-3da6-87de-c4ec73e3ba8c
2025-08-22T14:51:37.835+09:00  INFO 35429 --- [    Test worker] [                                                 ] o.hibernate.jpa.internal.util.LogHelper  : HHH000204: Processing PersistenceUnitInfo [name: default]
2025-08-22T14:51:37.855+09:00  INFO 35429 --- [    Test worker] [                                                 ] org.hibernate.Version                    : HHH000412: Hibernate ORM core version 6.6.22.Final
2025-08-22T14:51:37.869+09:00  INFO 35429 --- [    Test worker] [                                                 ] o.h.c.internal.RegionFactoryInitiator    : HHH000026: Second-level cache disabled
2025-08-22T14:51:37.976+09:00  INFO 35429 --- [    Test worker] [                                                 ] o.s.o.j.p.SpringPersistenceUnitInfo      : No LoadTimeWeaver setup: ignoring JPA class transformer
2025-08-22T14:51:37.988+09:00  INFO 35429 --- [    Test worker] [                                                 ] com.zaxxer.hikari.HikariDataSource       : HikariPool-1 - Starting...
2025-08-22T14:51:38.034+09:00  INFO 35429 --- [    Test worker] [                                                 ] com.zaxxer.hikari.pool.HikariPool        : HikariPool-1 - Added connection org.postgresql.jdbc.PgConnection@eabecf5
2025-08-22T14:51:38.034+09:00  INFO 35429 --- [    Test worker] [                                                 ] com.zaxxer.hikari.HikariDataSource       : HikariPool-1 - Start completed.
2025-08-22T14:51:38.048+09:00  WARN 35429 --- [    Test worker] [                                                 ] org.hibernate.orm.deprecation            : HHH90000025: PostgreSQLDialect does not need to be specified explicitly using 'hibernate.dialect' (remove the property setting and it will be selected by default)
2025-08-22T14:51:38.061+09:00  INFO 35429 --- [    Test worker] [                                                 ] org.hibernate.orm.connections.pooling    : HHH10001005: Database info:
	Database JDBC URL [Connecting through datasource 'HikariDataSource (HikariPool-1)']
	Database driver: undefined/unknown
	Database version: 17.5
	Autocommit mode: undefined/unknown
	Isolation level: undefined/unknown
	Minimum pool size: undefined/unknown
	Maximum pool size: undefined/unknown
2025-08-22T14:51:38.486+09:00  INFO 35429 --- [    Test worker] [                                                 ] o.h.e.t.j.p.i.JtaPlatformInitiator       : HHH000489: No JTA platform available (set 'hibernate.transaction.jta.platform' to enable JTA platform integration)
2025-08-22T14:51:38.493+09:00 DEBUG 35429 --- [    Test worker] [                                                 ] org.hibernate.SQL                        : set client_min_messages = WARNING
2025-08-22T14:51:38.494+09:00 DEBUG 35429 --- [    Test worker] [                                                 ] org.hibernate.SQL                        : alter table if exists company_manager drop constraint if exists FK6limn7kpsbnrp46u23k0s2cba
2025-08-22T14:51:38.499+09:00 DEBUG 35429 --- [    Test worker] [                                                 ] org.hibernate.SQL                        : alter table if exists company_product drop constraint if exists FK496uemlgw982px2x7qj2c6p35
2025-08-22T14:51:38.499+09:00 DEBUG 35429 --- [    Test worker] [                                                 ] org.hibernate.SQL                        : drop table if exists company cascade
2025-08-22T14:51:38.507+09:00 DEBUG 35429 --- [    Test worker] [                                                 ] org.hibernate.SQL                        : drop table if exists company_manager cascade
2025-08-22T14:51:38.510+09:00 DEBUG 35429 --- [    Test worker] [                                                 ] org.hibernate.SQL                        : drop table if exists company_product cascade
2025-08-22T14:51:38.513+09:00 DEBUG 35429 --- [    Test worker] [                                                 ] org.hibernate.SQL                        : create table company (type smallint check (type between 0 and 1), company_id bigint generated by default as identity, created_at timestamp(6) not null, deleted_at timestamp(6), hub_id bigint, updated_at timestamp(6), version bigint, address varchar(50) not null, name varchar(50) not null, created_by varchar(255) not null, deleted_by varchar(255), primary key (company_id))
2025-08-22T14:51:38.523+09:00 DEBUG 35429 --- [    Test worker] [                                                 ] org.hibernate.SQL                        : create table company_manager (company_id bigint not null, created_at timestamp(6) not null, deleted_at timestamp(6), manager_id bigint generated by default as identity, updated_at timestamp(6), name varchar(50) not null, slack_id varchar(100), deleted_by varchar(255), primary key (manager_id))
2025-08-22T14:51:38.526+09:00 DEBUG 35429 --- [    Test worker] [                                                 ] org.hibernate.SQL                        : create table company_product (company_id bigint not null, created_at timestamp(6) not null, deleted_at timestamp(6), product_id bigint generated by default as identity, updated_at timestamp(6), name varchar(100) not null, primary key (product_id))
2025-08-22T14:51:38.529+09:00 DEBUG 35429 --- [    Test worker] [                                                 ] org.hibernate.SQL                        : create index idx_company_name on company (name)
2025-08-22T14:51:38.531+09:00 DEBUG 35429 --- [    Test worker] [                                                 ] org.hibernate.SQL                        : create index idx_manager_name on company_manager (name)
2025-08-22T14:51:38.532+09:00 DEBUG 35429 --- [    Test worker] [                                                 ] org.hibernate.SQL                        : create index idx_product_name on company_product (name)
2025-08-22T14:51:38.534+09:00 DEBUG 35429 --- [    Test worker] [                                                 ] org.hibernate.SQL                        : alter table if exists company_manager add constraint FK6limn7kpsbnrp46u23k0s2cba foreign key (company_id) references company
2025-08-22T14:51:38.537+09:00 DEBUG 35429 --- [    Test worker] [                                                 ] org.hibernate.SQL                        : alter table if exists company_product add constraint FK496uemlgw982px2x7qj2c6p35 foreign key (company_id) references company
2025-08-22T14:51:38.541+09:00  INFO 35429 --- [    Test worker] [                                                 ] j.LocalContainerEntityManagerFactoryBean : Initialized JPA EntityManagerFactory for persistence unit 'default'
2025-08-22T14:51:38.749+09:00  WARN 35429 --- [    Test worker] [                                                 ] .s.s.UserDetailsServiceAutoConfiguration : 

Using generated security password: 67999bb6-47b7-45cd-8cae-b481b5fe5e40

This generated password is for development use only. Your security configuration must be updated before running your application in production.

2025-08-22T14:51:38.753+09:00  INFO 35429 --- [    Test worker] [                                                 ] r$InitializeUserDetailsManagerConfigurer : Global AuthenticationManager configured with UserDetailsService bean with name inMemoryUserDetailsManager
2025-08-22T14:51:39.022+09:00  INFO 35429 --- [    Test worker] [                                                 ] o.s.b.a.e.web.EndpointLinksResolver      : Exposing 1 endpoint beneath base path '/actuator'
2025-08-22T14:51:39.424+09:00  INFO 35429 --- [    Test worker] [                                                 ] DiscoveryClientOptionalArgsConfiguration : Eureka HTTP Client uses RestTemplate.
2025-08-22T14:51:39.440+09:00  WARN 35429 --- [    Test worker] [                                                 ] iguration$LoadBalancerCaffeineWarnLogger : Spring Cloud LoadBalancer is currently working with the default cache. While this cache implementation is useful for development and tests, it's recommended to use Caffeine cache in production.You can switch to using Caffeine cache, by adding it and org.springframework.cache.caffeine.CaffeineCacheManager to the classpath.
2025-08-22T14:51:39.490+09:00  INFO 35429 --- [    Test worker] [                                                 ] c.o.m.company.CompanyApplicationTests    : Started CompanyApplicationTests in 2.69 seconds (process running for 3.263)
]]></system-out>
  <system-err><![CDATA[]]></system-err>
</testsuite>
